# JRE version: Java(TM) SE Runtime Environment (12.0.2+10) (build 12.0.2+10)
# Java VM: Java HotSpot(TM) 64-Bit Server VM (12.0.2+10, mixed mode, sharing, tiered, compressed oops, g1 gc, windows-amd64)
Heap:
 garbage-first heap   total 217088K, used 6627K [0x0000000081c00000, 0x0000000100000000)
  region size 1024K, 1 young (1024K), 1 survivors (1024K)
 Metaspace       used 11983K, capacity 12389K, committed 12416K, reserved 1060864K
  class space    used 1453K, capacity 1650K, committed 1664K, reserved 1048576K
GC Heap History (10 events):
Event: 2.599 GC heap after
{Heap after GC invocations=16 (full 0):
 garbage-first heap   total 131072K, used 6587K [0x0000000081c00000, 0x0000000100000000)
  region size 1024K, 1 young (1024K), 1 survivors (1024K)
 Metaspace       used 11972K, capacity 12389K, committed 12416K, reserved 1060864K
  class space    used 1453K, capacity 1650K, committed 1664K, reserved 1048576K
}
Event: 2.609 GC heap before
{Heap before GC invocations=16 (full 0):
 garbage-first heap   total 131072K, used 83387K [0x0000000081c00000, 0x0000000100000000)
  region size 1024K, 76 young (77824K), 1 survivors (1024K)
 Metaspace       used 11972K, capacity 12389K, committed 12416K, reserved 1060864K
  class space    used 1453K, capacity 1650K, committed 1664K, reserved 1048576K
}
Event: 2.610 GC heap after
{Heap after GC invocations=17 (full 0):
 garbage-first heap   total 157696K, used 6600K [0x0000000081c00000, 0x0000000100000000)
  region size 1024K, 1 young (1024K), 1 survivors (1024K)
 Metaspace       used 11972K, capacity 12389K, committed 12416K, reserved 1060864K
  class space    used 1453K, capacity 1650K, committed 1664K, reserved 1048576K
}
Event: 2.646 GC heap before
{Heap before GC invocations=17 (full 0):
 garbage-first heap   total 157696K, used 99784K [0x0000000081c00000, 0x0000000100000000)
  region size 1024K, 92 young (94208K), 1 survivors (1024K)
 Metaspace       used 11977K, capacity 12389K, committed 12416K, reserved 1060864K
  class space    used 1453K, capacity 1650K, committed 1664K, reserved 1048576K
}
Event: 2.646 GC heap after
{Heap after GC invocations=18 (full 0):
 garbage-first heap   total 157696K, used 6606K [0x0000000081c00000, 0x0000000100000000)
  region size 1024K, 1 young (1024K), 1 survivors (1024K)
 Metaspace       used 11977K, capacity 12389K, committed 12416K, reserved 1060864K
  class space    used 1453K, capacity 1650K, committed 1664K, reserved 1048576K
}
Event: 2.663 GC heap before
{Heap before GC invocations=18 (full 0):
 garbage-first heap   total 157696K, used 99790K [0x0000000081c00000, 0x0000000100000000)
  region size 1024K, 92 young (94208K), 1 survivors (1024K)
 Metaspace       used 11977K, capacity 12389K, committed 12416K, reserved 1060864K
  class space    used 1453K, capacity 1650K, committed 1664K, reserved 1048576K
}
Event: 2.663 GC heap after
{Heap after GC invocations=19 (full 0):
 garbage-first heap   total 157696K, used 6608K [0x0000000081c00000, 0x0000000100000000)
  region size 1024K, 1 young (1024K), 1 survivors (1024K)
 Metaspace       used 11977K, capacity 12389K, committed 12416K, reserved 1060864K
  class space    used 1453K, capacity 1650K, committed 1664K, reserved 1048576K
}
Event: 2.678 GC heap before
{Heap before GC invocations=19 (full 0):
 garbage-first heap   total 157696K, used 99792K [0x0000000081c00000, 0x0000000100000000)
  region size 1024K, 92 young (94208K), 1 survivors (1024K)
 Metaspace       used 11978K, capacity 12389K, committed 12416K, reserved 1060864K
  class space    used 1453K, capacity 1650K, committed 1664K, reserved 1048576K
}
Event: 2.679 GC heap after
{Heap after GC invocations=20 (full 0):
 garbage-first heap   total 157696K, used 6617K [0x0000000081c00000, 0x0000000100000000)
  region size 1024K, 1 young (1024K), 1 survivors (1024K)
 Metaspace       used 11978K, capacity 12389K, committed 12416K, reserved 1060864K
  class space    used 1453K, capacity 1650K, committed 1664K, reserved 1048576K
}
Event: 2.695 GC heap before
{Heap before GC invocations=20 (full 0):
 garbage-first heap   total 157696K, used 99801K [0x0000000081c00000, 0x0000000100000000)
  region size 1024K, 92 young (94208K), 1 survivors (1024K)
 Metaspace       used 11983K, capacity 12389K, committed 12416K, reserved 1060864K
  class space    used 1453K, capacity 1650K, committed 1664K, reserved 1048576K
}

